Info: CustomCategory:modulo_facturacion_y_contabilidad: 16 mini seconds publishing element
Info: CustomCategory:introducin: 16 mini seconds publishing element
Info: CustomCategory:modelado_de_negocio: 19 mini seconds publishing element
Info: Task:analizar_y_validar_las_relaciones_de_dominio: 47 mini seconds publishing element
Info: Task:crear_plantilla_de_proceso: 35 mini seconds publishing element
Info: Task:definir_reglas_de_negocio: 44 mini seconds publishing element
Info: Task:definir_y_especificar_las_relaciones_de_dominio: 31 mini seconds publishing element
Info: Task:documentar_las_relaciones_de_dominio: 32 mini seconds publishing element
Info: Task:identificar_los_elementos_claves: 31 mini seconds publishing element
Info: Task:implementar_las_reglas_de_negocio: 31 mini seconds publishing element
Info: Task:implementar_plantilla_de_proceso: 32 mini seconds publishing element
Info: Task:verificacion_de_reglas_de_negocio: 47 mini seconds publishing element
Info: Task:analizar_el_diagrama_de_pareto_: 31 mini seconds publishing element
Info: Task:crear_el_diagrama_de_pareto_: 41 mini seconds publishing element
Info: Task:revisar_el_diagrama_de_espina_de_pescado_y_asegurarse_de_que_los_problemas_identificados_y_las_causas_correspondientes_estn_siendo_abordados_en_el_plan_de_proyecto.: 29 mini seconds publishing element
Info: Task:revisar_los_requerimientos_del_proyecto_y_determinar_los_posibles_problemas_y_causas_que_podran_afectar_la_calidad_del_producto.: 24 mini seconds publishing element
Info: Task:utilizar_el_diagrama_de_espina_de_pescado_para_disear_casos_de_prueba_y_asegurarse_de_que_se_cubran_todas_las_posibles_causas_de_los_problemas.: 32 mini seconds publishing element
Info: Task:utilizar_el_diagrama_de_pareto_para_la_toma_de_decisiones_: 48 mini seconds publishing element
Info: Task:analizar_las_variables_y_situaciones_problemticas_en_el_proceso_de_negocio_y_proponer_soluciones._1: 15 mini seconds publishing element
Info: Task:crear_una_interfaz_de_usuario_atractiva_y_fcil_de_usar_para_el_escenario_vivido._1: 17 mini seconds publishing element
Info: Task:crear_y_desarrollar_una_interfaz_de_usuario_ui_para_el_recorrido_del_cliente_en_la_plataforma._1: 22 mini seconds publishing element
Info: Task:definir_los_objetivos_y_resultados_esperados_del_recorrido_del_cliente_en_la_plataforma._1: 7 mini seconds publishing element
Info: Task:definir_y_documentar_los_requisitos_del_escenario_vivido._1: 16 mini seconds publishing element
Info: Task:establecer_un_plan_de_accion_para_alcanzar_los_objetivos_del_proceso: 16 mini seconds publishing element
Info: Task:establecer_una_posicion_comercial_clara_para_el_proyecto_y_comunicarla_al_equipo._1: 18 mini seconds publishing element
Info: Task:identificar_las_variables_y_situaciones_problemticas_en_el_proceso_de_negocio._1: 13 mini seconds publishing element
Info: Task:identificar_los_requerimientos_del_proceso: 20 mini seconds publishing element
Info: Task:identificar_los_requisitos_necesarios_para_abordar_las_variables_y_situaciones_problemticas_identificadas_en_el_proceso_de_negocio.: 28 mini seconds publishing element
Info: Task:identificar_y_definir_el_problema_de_negocio_que_debe_ser_resuelto_por_el_equipo_de_proyecto._1: 16 mini seconds publishing element
Info: Task:identificar_y_definir_los_objetivos_del_proceso: 15 mini seconds publishing element
Info: Task:identificar_y_documentar_los_requisitos_de_negocio_que_deben_ser_satisfechos_por_el_proyecto._1: 15 mini seconds publishing element
Info: Task:realizar_pruebas_de_aceptacin_para_garantizar_que_el_recorrido_del_cliente_se_cumpla_correctamente_en_la_plataforma._1: 0 mini seconds publishing element
Info: Task:realizar_pruebas_de_usuario_y_de_rendimiento_para_validar_la_calidad_del_escenario_vivido._1: 32 mini seconds publishing element
Info: Task:crear_la_version_digital_del_formulario_en_papel._1: 32 mini seconds publishing element
Info: Task:identificar_los_requisitos_para_la_creacin_del_formulario_digital._1: 46 mini seconds publishing element
Info: Task:verificar_la_funcionalidad_del_formulario_digital._1: 22 mini seconds publishing element
Info: Task:asignar_y_gestionar_los_roles_de_negocio_en_el_proyecto: 30 mini seconds publishing element
Info: Task:definir_las_clases_atributos_y_relaciones_del_diagrama_de_dominio: 25 mini seconds publishing element
Info: Task:evaluar_los_riesgos_de_seguridad_relacionados_con_los_roles_de_negocio: 32 mini seconds publishing element
Info: Task:identificar_los_requisitos_de_los_roles_de_negocio: 32 mini seconds publishing element
Info: Task:identificar_los_roles_de_negocio_relevantes_para_el_proyecto: 31 mini seconds publishing element
Info: Task:implementar_las_clases_y_la_lgica_de_negocio_correspondiente_al_diagrama_de_dominio._1: 47 mini seconds publishing element
Info: Task:validar_que_el_diagrama_de_dominio_cubra_todos_los_requerimientos_del_negocio._1: 17 mini seconds publishing element
Info: Task:definir_los_requerimientos_de_sistema_para_la_especificacin_de_caso_de_uso_de_negocio: 31 mini seconds publishing element
Info: Task:definir_los_requerimientos_de_sistema_para_los_casos_de_uso_de_negocio: 36 mini seconds publishing element
Info: Task:desarrollar_el_modelo_de_datos_del_proceso_de_negocio: 109 mini seconds publishing element
Info: Task:gestionar_la_revisin_y_aprobacin_de_la_especificacin_de_caso_de_uso_de_negocio: 39 mini seconds publishing element
Info: Task:gestionar_la_revisin_y_aprobacin_del_diagrama_de_casos_de_uso_de_negocio: 42 mini seconds publishing element
Info: Task:identificar_los_casos_de_uso_de_negocio_para_el_diagrama: 42 mini seconds publishing element
Info: Task:identificar_los_detalles_de_los_casos_de_uso_de_negocio_para_la_especificacin: 49 mini seconds publishing element
Info: Task:identificar_los_requerimientos_tcnicos_para_la_implementacin_de_las_actividades_en_el_backend: 46 mini seconds publishing element
Info: Task:identificar_los_requisitos_de_negocio_para_el_proceso_de_negocio: 32 mini seconds publishing element
Info: Task:identificar_los_requisitos_tecnicos_del_proceso_de_negocio: 48 mini seconds publishing element
Info: Task:identificar_y_documentar_las_actividades_del_proceso_de_negocio_en_el_diagrama_de_actividad: 47 mini seconds publishing element
Info: Task:identificar_y_documentar_los_requerimientos_de_intercambio_de_informacin_entre_el_frontend_y_el_backend._1: 64 mini seconds publishing element
Info: Task:implementar_la_interfaz_de_usuario_necesaria_para_el_intercambio_de_informacin_entre_el_frontend_y_el_backend_segn_el_diagrama_de_comunicacin.: 79 mini seconds publishing element
Info: Task:implementar_la_logica_de_la_actividad_en_el_cdigo_del_backend: 109 mini seconds publishing element
Info: Task:implementar_los_servicios_web_necesarios_para_el_intercambio_de_informacin_entre_el_frontend_y_el_backend_segn_el_diagrama_de_comunicacin.: 100 mini seconds publishing element
Info: Task:crear_perfil_de_cliente_: 60 mini seconds publishing element
Info: Task:crear_perfil_de_stakeholder_: 40 mini seconds publishing element
Info: Task:definir_requerimientos_para_solucionar_problemas: 41 mini seconds publishing element
Info: Task:identificar_necesidades_de_los_stakeholders_: 42 mini seconds publishing element
Info: Task:identificar_problemas_a_resolver: 48 mini seconds publishing element
Info: Task:planificar_solucion_de_problemas: 42 mini seconds publishing element
Info: CustomCategory:requerimientos: 5 mini seconds publishing element
Info: Task:configurar_la_integracion_continua_para_los_puntos_de_automatizacin: 30 mini seconds publishing element
Info: Task:crear_casos_de_prueba_para_cada_punto_de_automatizacin: 11 mini seconds publishing element
Info: Task:definir_los_endpoints_para_los_puntos_de_automatizacin: 9 mini seconds publishing element
Info: Task:identificar_las_pruebas_correspondientes_a_cada_requisito: 29 mini seconds publishing element
Info: Task:identificar_los_requisitos_funcionales_del_sistema: 21 mini seconds publishing element
Info: Task:priorizar_los_requisitos_funcionales: 15 mini seconds publishing element
Info: Task:relacionar_los_componentes_del_sistema_con_los_requisitos: 14 mini seconds publishing element
Info: Task:validar_los_requisitos_funcionales_con_los_interesados: 18 mini seconds publishing element
Info: Task:verificar_que_los_requisitos_esten_correctamente_relacionados_en_la_matriz_de_trazabilidad: 11 mini seconds publishing element
Info: Task:definir_los_roles_y_permisos_de_los_actores: 21 mini seconds publishing element
Info: Task:documentar_los_casos_de_uso_y_las_interacciones_del_usuario: 12 mini seconds publishing element
Info: Task:documentar_los_casos_de_uso_y_las_interacciones_del_usuario_1: 11 mini seconds publishing element
Info: Task:identificar_los_actores_del_sistema: 16 mini seconds publishing element
Info: Task:identificar_nuevos_casos_de_uso_y_validar_los_casos_de_uso_existentes: 20 mini seconds publishing element
Info: Task:implementar_la_funcionalidad_de_los_casos_de_uso: 12 mini seconds publishing element
Info: Task:implementar_la_lgica_de_negocio_para_los_casos_de_uso: 16 mini seconds publishing element
Info: Task:validar_los_actores_y_roles_con_los_interesados: 20 mini seconds publishing element
Info: Task:validar_los_casos_de_uso: 11 mini seconds publishing element
Info: Task:establecer_la_estructura_jerarquica_de_las_funcionalidades: 17 mini seconds publishing element
Info: Task:identificar_las_funcionalidades_del_sistema: 21 mini seconds publishing element
Info: Task:validar_la_estructura_de_funcionalidades_con_los_interesados: 18 mini seconds publishing element
Info: CustomCategory:analisis_y_diseo: 9 mini seconds publishing element
Info: Task:documentacin_de_los_requisitos_del_sistema_en_el_diagrama_de_clases: 14 mini seconds publishing element
Info: Task:documentacin_de_los_requisitos_del_sistema_en_el_diagrama_de_comunicacin_entre_clases: 10 mini seconds publishing element
Info: Task:identificacin_de_las_interacciones_entre_las_clases_en_el_diagrama_de_comunicacin_entre_clases: 9 mini seconds publishing element
Info: Task:implementacin_de_la_interfaz_de_usuario_en_base_al_diagrama_de_clases: 16 mini seconds publishing element
Info: Task:implementacin_de_la_logica_del_sistema_en_base_al_diagrama_de_clases: 17 mini seconds publishing element
Info: Task:implementacino_de_la_interfaz_de_usuario_en_base_al_diagrama_de_comunicacion: 14 mini seconds publishing element
Info: Task:documentacin_de_los_requerimientos_de_la_interfaz_de_usuario: 16 mini seconds publishing element
Info: Task:documentacin_de_los_requisitos_del_sistema_en_el_diagrama_de_secuencias: 20 mini seconds publishing element
Info: Task:identificacin_de_las_interacciones_entre_los_objetos_del_sistema_en_el_diagrama_de_secuencias: 13 mini seconds publishing element
Info: Task:implementacin_de_la_interfaz_de_usuario: 16 mini seconds publishing element
Info: Task:implementacin_de_la_interfaz_de_usuario_en_base_al_diagrama_de_secuencias: 12 mini seconds publishing element
Info: Task:planificacion_del_proyecto_de_interfaces_de_usuario: 15 mini seconds publishing element
Info: CustomCategory:implementacin: 12 mini seconds publishing element
Info: Task:analizar_y_documentar_los_requisitos_del_sistema: 28 mini seconds publishing element
Info: Task:analizar_y_documentar_los_requisitos_para_la_arquitectura_del_software: 7 mini seconds publishing element
Info: Task:definir_la_arquitectura_y_los_componentes_del_backend: 26 mini seconds publishing element
Info: Task:disenar_la_estructura_de_la_base_de_datos: 7 mini seconds publishing element
Info: Task:planificar_y_coordinar_el_desarrollo_de_la_arquitectura_del_software: 15 mini seconds publishing element
Info: Task:planificar_y_ejecutar_pruebas_de_sistema: 32 mini seconds publishing element
Info: Task:definir_los_requisitos_funcionales_y_no_funcionales: 16 mini seconds publishing element
Info: Task:desarrollar_la_interfaz_de_usuario: 15 mini seconds publishing element
Info: Task:implementar_la_logica_del_servidor: 16 mini seconds publishing element
Info: Task:realizar_una_auditora_de_seguridad: 16 mini seconds publishing element
Info: CustomCategory:test: 22 mini seconds publishing element
Info: Task:definir_los_casos_de_prueba_de_la_interfaz_de_usuario_del_frontend: 9 mini seconds publishing element
Info: Task:definir_los_casos_de_prueba_de_la_lgica_de_negocio_del_backend: 19 mini seconds publishing element
Info: Task:ejecutar_los_casos_de_prueba_y_registrar_los_resultados: 0 mini seconds publishing element
Info: Task:identificar_los_componentes_del_backend_y_relacionarlos_con_los_casos_de_prueba_en_la_matriz_de_cobertura_de_pruebas: 13 mini seconds publishing element
Info: Task:rastrear_los_requisitos_funcionales_y_no_funcionales_con_los_casos_de_prueba_en_la_matriz_de_cobertura_de_pruebas: 22 mini seconds publishing element
Info: Task:validar_la_cobertura_de_las_pruebas_automatizadas_en_la_matriz_de_cobertura_de_pruebas: 0 mini seconds publishing element
Info: Task:validar_la_cobertura_de_los_casos_de_prueba: 28 mini seconds publishing element
Info: Task:validar_la_cobertura_de_los_requisitos_de_negocio_en_la_matriz_de_cobertura_de_pruebas: 4 mini seconds publishing element
Info: Task:definir_los_escenarios_de_prueba: 9 mini seconds publishing element
Info: Task:identificar_los_requisitos_de_negocio_y_relacionarlos_con_los_requisitos_funcionales_en_la_matriz_de_rastreabilidad: 7 mini seconds publishing element
Info: Task:mapear_los_componentes_del_backend_con_los_requisitos_funcionales: 18 mini seconds publishing element
Info: Task:rastrear_los_casos_de_prueba_con_los_requisitos_en_la_matriz_de_rastreabilidad: 14 mini seconds publishing element
Info: Task:validar_los_requisitos_en_el_plan_de_pruebas: 17 mini seconds publishing element
Info: Task:verificar_y_mantener_la_integridad_de_la_matriz_de_rastreabilidad: 15 mini seconds publishing element
Info: Task:analizar_y_documentar_los_resultados_de_las_pruebas_de_integracin_del_backend: 16 mini seconds publishing element
Info: Task:analizar_y_documentar_los_resultados_de_las_pruebas_de_interfaz_de_usuario_del_frontend: 13 mini seconds publishing element
Info: Task:analizar_y_solucionar_errores_relacionados_con_el_backend_en_el_registro_de_errores: 3 mini seconds publishing element
Info: Task:analizar_y_solucionar_errores_relacionados_con_el_frontend_en_el_registro_de_errores: 15 mini seconds publishing element
Info: Task:analizar_y_solucionar_errores_relacionados_con_la_seguridad_en_el_registro_de_errores: 16 mini seconds publishing element
Info: Task:consolidar_los_resultados_de_las_pruebas_y_generar_el_informe_de_pruebas: 16 mini seconds publishing element
Info: Task:monitorear_y_gestionar_el_proceso_de_resolucin_de_errores_en_el_registro_de_errores: 15 mini seconds publishing element
Info: Task:realizar_pruebas_de_seguridad_y_analizar_los_resultados: 16 mini seconds publishing element
Info: Task:revisar_y_aprobar_el_informe_de_pruebas: 19 mini seconds publishing element
Info: Task:validar_y_verificar_la_resolucin_de_errores_reportados_en_el_registro_de_errores: 12 mini seconds publishing element
Info: Task:verificar_y_documentar_los_errores_reportados_en_el_registro_de_errores: 16 mini seconds publishing element
Info: CustomCategory:despligue: 16 mini seconds publishing element
Info: Task:analizar_los_casos_de_uso: 15 mini seconds publishing element
Info: Task:disenar_casos_de_prueba: 16 mini seconds publishing element
Info: Task:disenar_la_interfaz_de_usuario: 10 mini seconds publishing element
Info: Task:implementar_la_logica_de_negocio: 15 mini seconds publishing element
Info: Task:planificar_la_gestion_de_requisitos: 7 mini seconds publishing element
Info: Task:recolectar_y_analizar_los_requisitos: 16 mini seconds publishing element
Info: Task:validar_los_casos_de_uso: 15 mini seconds publishing element
Info: Task:validar_y_clarificar_los_requisitos: 16 mini seconds publishing element
Info: Task:configurar_la_infraestructura_de_despliegue: 16 mini seconds publishing element
Info: Task:definir_la_estructura_de_despliegue: 26 mini seconds publishing element
Info: Task:desarrollar_la_interfaz_de_usuario: 5 mini seconds publishing element
Info: Task:disenar_y_ejecutar_pruebas_tcnicas: 16 mini seconds publishing element
Info: Task:evaluar_la_seguridad_de_la_arquitectura_de_despliegue: 36 mini seconds publishing element
Info: Task:validar_los_requisitos_tcnicos: 11 mini seconds publishing element
Info: Task:validar_los_requisitos_tcnicos_para_la_infraestructura_y_el_despliegue: 15 mini seconds publishing element
Info: Task:analizar_los_requisitos_del_despliegue: 16 mini seconds publishing element
Info: Task:analizar_los_requisitos_del_sistema_y_los_requisitos_de_despliegue: 18 mini seconds publishing element
Info: Task:coordinar_la_planificacin_del_despliegue: 14 mini seconds publishing element
Info: Task:coordinar_y_ejecutar_las_pruebas_de_despliegue: 18 mini seconds publishing element
Info: Task:crear_un_plan_de_pruebas_exhaustivo: 16 mini seconds publishing element
Info: Task:definir_fechas_y_hitos_clave: 9 mini seconds publishing element
Info: Task:disenar_y_configurar_la_infraestructura_de_despliegue: 16 mini seconds publishing element
Info: Task:establecer_y_gestionar_el_entorno_de_despliegue: 16 mini seconds publishing element
Info: CustomCategory:disciplinas: 0 mini seconds publishing element
Info: CustomCategory:modelado_de_negocio_1: 15 mini seconds publishing element
Info: CustomCategory:analizar_causa_y_efecto_1: 0 mini seconds publishing element
Info: CustomCategory:analizar_los_procesos_1: 17 mini seconds publishing element
Info: CustomCategory:disear_formularios_1: 14 mini seconds publishing element
Info: CustomCategory:documentar_proceso_inicial_1: 0 mini seconds publishing element
Info: CustomCategory:modelar_el_dominio_1: 16 mini seconds publishing element
Info: CustomCategory:modelar_los_procesos_1: 59 mini seconds publishing element
Info: CustomCategory:perfilizar_los_interesados_1: 4 mini seconds publishing element
Info: CustomCategory:requerimientos_1: 0 mini seconds publishing element
Info: CustomCategory:definir_requisitos: 16 mini seconds publishing element
Info: CustomCategory:establecer_estructuras_y_funcionalidades: 0 mini seconds publishing element
Info: CustomCategory:definir_requisitos_1: 15 mini seconds publishing element
Info: CustomCategory:analisis_y_diseo_1: 0 mini seconds publishing element
Info: CustomCategory:analizando_la_estructura: 16 mini seconds publishing element
Info: CustomCategory:diseando_la_estructura: 16 mini seconds publishing element
Info: CustomCategory:implementacin_1: 6 mini seconds publishing element
Info: CustomCategory:definir_la_arquitectura_y_los_requisitos_del_sistema: 10 mini seconds publishing element
Info: CustomCategory:implementar_el_cdigo_fuente_de_la_aplicacin: 0 mini seconds publishing element
Info: CustomCategory:test_1: 15 mini seconds publishing element
Info: CustomCategory:crear_casos_de_prueba: 0 mini seconds publishing element
Info: CustomCategory:definir_el_plan_de_pruebas: 17 mini seconds publishing element
Info: Task:disenar_casos_de_prueba: 15 mini seconds publishing element
Info: CustomCategory:generar_informe_de_pruebas: 0 mini seconds publishing element
Info: CustomCategory:despliegue: 16 mini seconds publishing element
Info: CustomCategory:definir_los_requisitos_del_sistema: 17 mini seconds publishing element
Info: CustomCategory:disear_la_arquitectura_de_despliegue: 10 mini seconds publishing element
Info: Task:implementar_la_lgica_de_negocio: 8 mini seconds publishing element
Info: CustomCategory:elaborar_el_plan_de_despliegue: 15 mini seconds publishing element
Info: Role:analista_de_negocio: 93 mini seconds publishing element
Info: Role:analista_de_requrimientos: 84 mini seconds publishing element
Info: Role:jefe_de_equipo: 48 mini seconds publishing element
Info: Artifact:relaciones_de_dominio: 26 mini seconds publishing element
Info: Role:gerente_de_proyecto: 79 mini seconds publishing element
Info: Artifact:entrevista_con_los_expertos_en_el_dominio: 15 mini seconds publishing element
Info: Artifact:plantilla_de_proceso: 19 mini seconds publishing element
Info: Artifact:reglas_de_negocio: 13 mini seconds publishing element
Info: Role:desarrollador_backend: 47 mini seconds publishing element
Info: Artifact:documentacion_de_dominio_existente: 6 mini seconds publishing element
Info: Role:especialista_en_pruebas: 52 mini seconds publishing element
Info: Artifact:diagrama_de_pareto: 14 mini seconds publishing element
Info: Role:analista_de_negocio: 55 mini seconds publishing element
Info: Artifact:sesiones_de_trabajo_y_analisis_de_datos: 14 mini seconds publishing element
Info: Artifact:diagrama_de_espina_de_pescado: 12 mini seconds publishing element
Info: Role:gerente_de_proyecto: 36 mini seconds publishing element
Info: Role:gerente_de_proyecto: 63 mini seconds publishing element
Info: Role:analista_de_negocio: 63 mini seconds publishing element
Info: Role:analista_de_requerimientos: 64 mini seconds publishing element
Info: Artifact:variables_y_situaciones_problemticas: 7 mini seconds publishing element
Info: Role:desarrollador_frontend: 59 mini seconds publishing element
Info: Artifact:escenario_vivido: 24 mini seconds publishing element
Info: Artifact:entrevistas_con_clientes_y_observacin_directa: 13 mini seconds publishing element
Info: Artifact:recorrido_del_cliente: 14 mini seconds publishing element
Info: Role:especialista_en_pruebas: 92 mini seconds publishing element
Info: Artifact:sesiones_de_trabajo_con_usuarios_finales: 9 mini seconds publishing element
Info: Artifact:estructura_de_procesos_objetivos_de_proceso: 17 mini seconds publishing element
Info: Artifact:anlisis_de_mercado_y_estudio_de_competidores: 12 mini seconds publishing element
Info: Artifact:definicin_del_problema_y_declaracin_de_la_posicin_comercial: 16 mini seconds publishing element
Info: Artifact:entrevista_con_stakeholders: 3 mini seconds publishing element
Info: Role:desarrollador_frontend: 90 mini seconds publishing element
Info: Artifact:diseño_y_requisitos: 9 mini seconds publishing element
Info: Artifact:formularios_en_papel: 15 mini seconds publishing element
Info: Role:analista_de_requerimientos: 138 mini seconds publishing element
Info: Role:especialista_en_pruebas: 88 mini seconds publishing element
Info: Role:gerente_de_proyecto: 44 mini seconds publishing element
Info: Artifact:roles_de_negocio: 16 mini seconds publishing element
Info: Role:analista_de_negocio: 42 mini seconds publishing element
Info: Artifact:entrevistas_con_expertos_en_el_dominio_y_anlisis_de_documentacin: 11 mini seconds publishing element
Info: Artifact:diagrama_de_dominio: 11 mini seconds publishing element
Info: Role:especialista_en_seguridad_de_la_informacin: 34 mini seconds publishing element
Info: Role:analista_de_requerimientos: 41 mini seconds publishing element
Info: Artifact:anlisis_de_roles_existentes_en_el_contexto_del_negocio: 10 mini seconds publishing element
Info: Role:desarrollador_backend: 36 mini seconds publishing element
Info: Role:analista_de_requerimientos: 182 mini seconds publishing element
Info: Artifact:documentacin_de_casos_de_uso_de_negocio_previos: 12 mini seconds publishing element
Info: Artifact:especificacin_de_cu_de_negocio: 11 mini seconds publishing element
Info: Artifact:sesiones_de_trabajo_con_stakeholders_y_anlisis_de_requisitos: 15 mini seconds publishing element
Info: Artifact:diagrama_de_casos_de_uso_de_negocio: 1 mini seconds publishing element
Info: Role:desarrollador_backend: 63 mini seconds publishing element
Info: Artifact:definicin_de_proceso_de_negocio: 20 mini seconds publishing element
Info: Role:gerente_de_proyecto: 43 mini seconds publishing element
Info: Role:analista_de_negocio: 92 mini seconds publishing element
Info: Artifact:entrevistas_con_stakeholders_y_anlisis_de_procesos_existentes: 15 mini seconds publishing element
Info: Artifact:diagrama_de_actividad: 16 mini seconds publishing element
Info: Artifact:diagrama_de_comunicacin: 16 mini seconds publishing element
Info: Role:desarrollador_frontend: 448 mini seconds publishing element
Info: Role:gerente_del_proyecto: 47 mini seconds publishing element
Info: Artifact:entrevistas_y_encuestas_con_stakeholders: 11 mini seconds publishing element
Info: Artifact:perfil_de_stakeholder_y_perfil_de_cliente: 12 mini seconds publishing element
Info: Role:analista_de_negocio: 38 mini seconds publishing element
Info: Role:analista_de_requerimientos: 25 mini seconds publishing element
Info: Artifact:problemas_a_resolver: 17 mini seconds publishing element
Info: Artifact:sesiones_de_trabajo_y_anlisis_de_datos_existentes: 14 mini seconds publishing element
Info: Role:analista_de_requerimientos: 47 mini seconds publishing element
Info: Artifact:requisitos_funcionales: 17 mini seconds publishing element
Info: Role:especialista_en_pruebas: 41 mini seconds publishing element
Info: Artifact:puntos_de_automatizacin: 4 mini seconds publishing element
Info: Role:desarrollador_backend: 47 mini seconds publishing element
Info: Artifact:anlisis_de_procesos_existentes_y_consultas_con_expertos: 26 mini seconds publishing element
Info: Artifact:matriz_de_trazabilidad_de_requisitos: 14 mini seconds publishing element
Info: Role:analista_de_negocio: 41 mini seconds publishing element
Info: Artifact:sesiones_de_trabajo_con_stakeholders_y_anlisis_de_requisitos: 12 mini seconds publishing element
Info: Role:gerente_de_proyecto: 33 mini seconds publishing element
Info: Artifact:anlisis_de_requisitos_existentes_y_relaciones_entre_artefactos: 9 mini seconds publishing element
Info: Role:gerente_de_proyecto: 55 mini seconds publishing element
Info: Artifact:actor_de_sistema: 4 mini seconds publishing element
Info: Role:analista_de_requerimientos: 35 mini seconds publishing element
Info: Artifact:diagrama_de_casos_de_uso_de_sistema: 23 mini seconds publishing element
Info: Artifact:especificacin_de_cu_de_sistema: 12 mini seconds publishing element
Info: Role:analista_de_negocio: 41 mini seconds publishing element
Info: Artifact:anlisis_de_roles_y_stakeholders_del_sistema: 8 mini seconds publishing element
Info: Artifact:sesiones_de_trabajo_con_stakeholders_y_anlisis_de_requisitos: 8 mini seconds publishing element
Info: Role:desarrollador_backend: 30 mini seconds publishing element
Info: Artifact:documentacin_de_casos_de_uso_de_sistema_previos: 20 mini seconds publishing element
Info: Role:gerente_de_proyecto: 27 mini seconds publishing element
Info: Artifact:estructura_de_funcionalidades: 15 mini seconds publishing element
Info: Role:analista_de_negocio: 37 mini seconds publishing element
Info: Artifact:documentacin_de_funcionalidades_previas_y_anlisis_de_requisitos: 0 mini seconds publishing element
Info: Role:analista_de_requerimientos: 33 mini seconds publishing element
Info: Role:analista_de_requerimientos: 43 mini seconds publishing element
Info: Artifact:diagrama_de_comunicacin_entre_clases: 13 mini seconds publishing element
Info: Artifact:diagrama_de_clases: 0 mini seconds publishing element
Info: Role:desarrollador_backend: 47 mini seconds publishing element
Info: Artifact:anlisis_de_relaciones_y_comunicacin_entre_clases: 0 mini seconds publishing element
Info: Role:desarrollador_frontend: 48 mini seconds publishing element
Info: Artifact:anlisis_de_estructura_y_relaciones_entre_clases: 0 mini seconds publishing element
Info: Role:analista_de_requerimientos: 126 mini seconds publishing element
Info: Artifact:interfaces_de_usuario: 24 mini seconds publishing element
Info: Role:desarrollador_backend: 40 mini seconds publishing element
Info: Artifact:sesiones_de_trabajo_con_stakeholders_y_anlisis_de_interacciones: 0 mini seconds publishing element
Info: Artifact:diagrama_de_secuencias: 15 mini seconds publishing element
Info: Role:desarrollador_frontend: 48 mini seconds publishing element
Info: Role:jefe_de_equipo: 67 mini seconds publishing element
Info: Artifact:diseos_y_requisitos_especficos_de_interfaces: 0 mini seconds publishing element
Info: Role:analista_de_requerimientos: 77 mini seconds publishing element
Info: Artifact:documentacin_de_requisitos_del_sistema_y_anlisis: 14 mini seconds publishing element
Info: Artifact:especificacin_de_los_requisitos_del_sistema: 0 mini seconds publishing element
Info: Artifact:especificacin_de_la_arquitectura_del_software: 21 mini seconds publishing element
Info: Role:desarrollador_backend: 57 mini seconds publishing element
Info: Role:gerente_de_proyecto: 32 mini seconds publishing element
Info: Artifact:diseo_y_documentacin_de_la_arquitectura_de_software: 7 mini seconds publishing element
Info: Role:especialista_en_pruebas: 40 mini seconds publishing element
Info: Role:analista_de_requerimientos: 48 mini seconds publishing element
Info: Artifact:cdigo_fuente_de_la_aplicacin: 26 mini seconds publishing element
Info: Role:desarrollador_frontend: 42 mini seconds publishing element
Info: Role:desarrollador_backend: 63 mini seconds publishing element
Info: Artifact:implementacin_de_requisitos_y_diseo_de_software: 0 mini seconds publishing element
Info: Role:especialista_en_seguridad_de_la_informacin: 117 mini seconds publishing element
Info: Role:desarrollador_frontend: 72 mini seconds publishing element
Info: Artifact:requisitos_funcionales_y_no_funcionales_especificaciones_de_prueba_y_escenarios_de_prueba: 16 mini seconds publishing element
Info: Artifact:casos_de_prueba: 16 mini seconds publishing element
Info: Role:desarrollador_backend: 731 mini seconds publishing element
Info: Role:especialista_en_pruebas: 60 mini seconds publishing element
Info: Artifact:matriz_de_cobertura_de_pruebas: 20 mini seconds publishing element
Info: Role:analista_de_requerimientos: 47 mini seconds publishing element
Info: Artifact:requisitos_del_sistema_y_casos_de_prueba: 12 mini seconds publishing element
Info: Role:ingeniero_devops: 27 mini seconds publishing element
Info: Role:analista_de_negocio: 32 mini seconds publishing element
Info: Role:desarrollador_backend: 52 mini seconds publishing element
Info: Artifact:plan_de_pruebas: 9 mini seconds publishing element
Info: Role:analista_de_negocio: 27 mini seconds publishing element
Info: Artifact:matriz_de_rastreabilidad: 24 mini seconds publishing element
Info: Role:especialista_en_pruebas: 46 mini seconds publishing element
Info: Artifact:requisitos_del_sistema_y_requisitos_de_pruebas: 0 mini seconds publishing element
Info: Role:analista_de_requerimientos: 41 mini seconds publishing element
Info: Role:desarrollador_backend: 32 mini seconds publishing element
Info: Artifact:informe_de_pruebas: 31 mini seconds publishing element
Info: Role:desarrollador_frontend: 32 mini seconds publishing element
Info: Artifact:registro_de_errores: 23 mini seconds publishing element
Info: Role:especialista_en_seguridad_de_la_informacin: 36 mini seconds publishing element
Info: Role:especialista_en_pruebas: 31 mini seconds publishing element
Info: Artifact:resultados_de_pruebas_incluyendo_casos_de_prueba_errores_encontrados_cobertura_y_conclusiones: 17 mini seconds publishing element
Info: Role:ingeniero_devops: 37 mini seconds publishing element
Info: Role:gerente_de_proyecto: 332 mini seconds publishing element
Info: Role:analista_de_requerimientos: 36 mini seconds publishing element
Info: Artifact:errores_identificados_durante_las_pruebas_incluyendo_descripcin_gravedad_estado_y_acciones_correctivas: 5 mini seconds publishing element
Info: Role:analista_de_requerimientos: 44 mini seconds publishing element
Info: Artifact:interacciones_y_funcionalidades_del_sistema_desde_la_perspectiva_del_usuario: 0 mini seconds publishing element
Info: Artifact:casos_de_uso: 23 mini seconds publishing element
Info: Role:especialista_en_pruebas: 32 mini seconds publishing element
Info: Artifact:especificacin_de_requisitos: 17 mini seconds publishing element
Info: Role:desarrollador_frontend: 32 mini seconds publishing element
Info: Role:desarrollador_backend: 49 mini seconds publishing element
Info: Role:gerente_de_proyecto: 41 mini seconds publishing element
Info: Role:analista_de_negocio: 24 mini seconds publishing element
Info: Artifact:requisitos_funcionales_y_no_funcionales_del_sistema: 15 mini seconds publishing element
Info: Role:ingeniero_devops: 94 mini seconds publishing element
Info: Artifact:diseno_de_la_infraestructura_y_la_arquitectura_de_despliegue_del_sistema: 0 mini seconds publishing element
Info: Artifact:diagrama_de_arquitectura_del_despliegue: 16 mini seconds publishing element
Info: Role:gerente_de_proyecto: 68 mini seconds publishing element
Info: Role:desarrollador_frontend: 105 mini seconds publishing element
Info: Artifact:especificaciones_tecnicas: 22 mini seconds publishing element
Info: Role:especialista_en_pruebas: 33 mini seconds publishing element
Info: Role:especialista_en_seguridad_de_la_informacin: 41 mini seconds publishing element
Info: Role:analista_de_requerimientos: 68 mini seconds publishing element
Info: Artifact:detalles_tcnicos_estndares_y_requisitos_de_desarrollo_y_configuracin: 9 mini seconds publishing element
Info: Role:analista_de_requerimientos: 516 mini seconds publishing element
Info: Artifact:cronograma_de_despliegue: 14 mini seconds publishing element
Info: Artifact:plan_de_despliegue: 15 mini seconds publishing element
Info: Role:gerente_de_proyecto: 47 mini seconds publishing element
Info: Role:especialista_en_pruebas: 49 mini seconds publishing element
Info: Role:ingeniero_devops: 36 mini seconds publishing element
Info: Artifact:requisitos_de_despliegue_entorno_de_produccin_estrategia_de_implementacin_y_planificacin_de_recursos: 11 mini seconds publishing element
Info: Artifact:requisitos_funcionales_y_no_funcionales_especificaciones_de_casos_de_prueba_entorno_de_pruebas_y_recursos_disponibles: 10 mini seconds publishing element
Info: Role:desarrollador_backend: 39 mini seconds publishing element
Info: Role:jefe_de_equipo: 27 mini seconds publishing element
Info: Artifact:revision_de_informes: 3 mini seconds publishing element
Info: Role:ingeniero_devops: 35 mini seconds publishing element
Info: : Publishing time: 0 minutes 23 seconds
